  Matrix.cpp
c:\users\mk12s\source\repos\matrix\matrix\matrix.cpp(5): warning C4244: “初始化”: 从“float”转换到“int”，可能丢失数据
c:\users\mk12s\source\repos\matrix\matrix\matrix.cpp(7): warning C4244: “初始化”: 从“float”转换到“unsigned int”，可能丢失数据
c:\users\mk12s\source\repos\matrix\matrix\matrix.cpp(10): warning C4244: “初始化”: 从“float”转换到“unsigned int”，可能丢失数据
c:\users\mk12s\source\repos\matrix\matrix\matrix.cpp(156): warning C4244: “初始化”: 从“float”转换到“int”，可能丢失数据
c:\users\mk12s\source\repos\matrix\matrix\matrix.cpp(171): warning C4244: “参数”: 从“int”转换到“float”，可能丢失数据
c:\users\mk12s\source\repos\matrix\matrix\matrix.cpp(216): warning C4244: “参数”: 从“int”转换到“float”，可能丢失数据
c:\users\mk12s\source\repos\matrix\matrix\matrix.cpp(235): warning C4244: “参数”: 从“int”转换到“float”，可能丢失数据
c:\users\mk12s\source\repos\matrix\matrix\matrix.cpp(255): warning C4244: “参数”: 从“int”转换到“float”，可能丢失数据
c:\users\mk12s\source\repos\matrix\matrix\matrix.cpp(277): warning C4244: “参数”: 从“int”转换到“float”，可能丢失数据
c:\users\mk12s\source\repos\matrix\matrix\matrix.cpp(380): warning C4244: “参数”: 从“int”转换到“float”，可能丢失数据
c:\users\mk12s\source\repos\matrix\matrix\matrix.cpp(402): warning C4244: “参数”: 从“int”转换到“float”，可能丢失数据
c:\users\mk12s\source\repos\matrix\matrix\matrix.cpp(425): warning C4244: “参数”: 从“int”转换到“float”，可能丢失数据
c:\users\mk12s\source\repos\matrix\matrix\matrix.cpp(438): warning C4244: “参数”: 从“int”转换到“float”，可能丢失数据
  main.cpp
c:\users\mk12s\source\repos\matrix\matrix\main.cpp(9): warning C4244: “参数”: 从“int”转换到“float”，可能丢失数据
  正在生成代码...
c:\users\mk12s\source\repos\matrix\matrix\matrix.cpp(67): warning C4715: “Matrix::determinant”: 不是所有的控件路径都返回值
c:\users\mk12s\source\repos\matrix\matrix\matrix.cpp(131): warning C4715: “Matrix::lineReduction”: 不是所有的控件路径都返回值
c:\users\mk12s\source\repos\matrix\matrix\matrix.cpp(112): warning C4715: “Matrix::diagonalize”: 不是所有的控件路径都返回值
c:\users\mk12s\source\repos\matrix\matrix\matrix.cpp(150): warning C4715: “Matrix::colReduction”: 不是所有的控件路径都返回值
c:\users\mk12s\source\repos\matrix\matrix\matrix.cpp(167): warning C4715: “Matrix::invert”: 不是所有的控件路径都返回值
c:\users\mk12s\source\repos\matrix\matrix\matrix.cpp(208): warning C4715: “Matrix::distractLU”: 不是所有的控件路径都返回值
c:\users\mk12s\source\repos\matrix\matrix\matrix.cpp(194): warning C4715: “Matrix::cramerRule”: 不是所有的控件路径都返回值
c:\users\mk12s\source\repos\matrix\matrix\matrix.cpp(227): warning C4715: “Matrix::getLine”: 不是所有的控件路径都返回值
c:\users\mk12s\source\repos\matrix\matrix\matrix.cpp(246): warning C4715: “Matrix::getCol”: 不是所有的控件路径都返回值
c:\users\mk12s\source\repos\matrix\matrix\matrix.cpp(268): warning C4715: “Matrix::lineSwap”: 不是所有的控件路径都返回值
c:\users\mk12s\source\repos\matrix\matrix\matrix.cpp(290): warning C4715: “Matrix::colSwap”: 不是所有的控件路径都返回值
c:\users\mk12s\source\repos\matrix\matrix\matrix.cpp(315): warning C4715: “Matrix::lineMul”: 不是所有的控件路径都返回值
c:\users\mk12s\source\repos\matrix\matrix\matrix.cpp(394): warning C4715: “operator+”: 不是所有的控件路径都返回值
c:\users\mk12s\source\repos\matrix\matrix\matrix.cpp(421): warning C4715: “operator*”: 不是所有的控件路径都返回值
c:\users\mk12s\source\repos\matrix\matrix\matrix.cpp(334): warning C4715: “Matrix::colMul”: 不是所有的控件路径都返回值
  Matrix.vcxproj -> C:\Users\MK12S\source\repos\Matrix\Debug\Matrix.exe
